running 8 tests
thread 'codegen::tests::codegen_tests::test_loops' panicked at src\codegen\generator.rstest codegen::tests::codegen_tests::test_binary_operations ... :ok92
:test codegen::tests::codegen_tests::test_read_write_operations ... 21ok:

Variable 'i' not found in symbol table
note: run with `RUST_BACKTRACE=1` environment variable to display a backtrace
thread 'codegen::tests::codegen_tests::test_array_operationstest codegen::tests::codegen_tests::test_conditions_and_if_statements ... ' panicked at oksrc\codegen\tests.rs
:test codegen::tests::codegen_tests::test_conditions_and_if_statements ... 294ok:
9test codegen::tests::codegen_tests::test_loops ... :
FAILEDassertion failed: codegen.compile_assignment(&mut builder, &array_assign).is_ok()

thread 'test codegen::tests::codegen_tests::test_array_operations ... codegen::tests::codegen_tests::test_complex_expressionsFAILED' panicked at  
src\codegen\generator.rs:73:48:
called `Result::unwrap()` on an `Err` value: PoisonError { .. }
thread 'codegen::tests::codegen_tests::test_variable_assignmentstest codegen::tests::codegen_tests::test_complex_expressions ... ' panicked at FAILEDsrc\codegen\tests.rs
:100:9:
assertion failed: codegen.compile_assignment(&mut builder, &simple_assign).is_ok()
test codegen::tests::codegen_tests::test_variable_assignments ... FAILED

failures:

failures:
    codegen::tests::codegen_tests::test_array_operations
    codegen::tests::codegen_tests::test_complex_expressions
    codegen::tests::codegen_tests::test_loops
    codegen::tests::codegen_tests::test_variable_assignments

test result: FAILED. 4 passed; 4 failed; 0 ignored; 0 measured; 0 filtered out; finished in 0.01s